* This is the StructMobWeight report file that is output every time the server starts.
* 
* Spawn Balance Utility (SBU) will use this file ONLY if it is renamed to StructMobWeight.csv.
* Lines starting with '*' are comments and ignored
* It allows you to add and remove mobs and adjust their spawnweights for Structures
* like shipwrecks, nether fortresses, water monuments, etc.
* 
1, idas:abandoned_lighthouse, HEADING, header:ignore, 0, 0, 0
2, dungeons_arise:abandoned_temple, HEADING, header:ignore, 0, 0, 0
3, dungeons_arise:abandoned_temple, MONSTER, minecraft:stray, 10, 1, 1
4, idas:abandoned_vineyard, HEADING, header:ignore, 0, 0, 0
5, idas:abandonedhouse, HEADING, header:ignore, 0, 0, 0
6, mvs:acacia_log_pile, HEADING, header:ignore, 0, 0, 0
7, mvs:acacia_tree, HEADING, header:ignore, 0, 0, 0
8, mvs:acacia_well, HEADING, header:ignore, 0, 0, 0
9, valarian_conquest:aegis_castle_structure, HEADING, header:ignore, 0, 0, 0
10, valarian_conquest:aegis_outpost_structure, HEADING, header:ignore, 0, 0, 0
11, totw_modded:aether, HEADING, header:ignore, 0, 0, 0
12, integrated_villages:airship_village, HEADING, header:ignore, 0, 0, 0
13, irons_spellbooks:ancient_battleground, HEADING, header:ignore, 0, 0, 0
14, minecraft:ancient_city, HEADING, header:ignore, 0, 0, 0
15, idas:ancient_mines, HEADING, header:ignore, 0, 0, 0
16, idas:ancient_mines, MONSTER, minecraft:silverfish, 10, 1, 1
17, idas:ancient_mines, MONSTER, quark:wraith, 10, 1, 1
18, idas:ancient_portal/ancient_portal, HEADING, header:ignore, 0, 0, 0
19, idas:ancient_portal/ancient_portal, MONSTER, minecraft:silverfish, 10, 1, 4
20, idas:ancient_portal/ancient_portal, MONSTER, quark:wraith, 10, 1, 4
21, idas:ancient_portal/nether_ancient_portal, HEADING, header:ignore, 0, 0, 0
22, idas:ancient_portal/nether_ancient_portal, MONSTER, quark:wraith, 10, 1, 1
23, idas:ancient_statue/ancient_statue_desert, HEADING, header:ignore, 0, 0, 0
24, idas:ancient_statue/ancient_statue_jungle, HEADING, header:ignore, 0, 0, 0
25, idas:ancient_statue/ancient_statue_plains, HEADING, header:ignore, 0, 0, 0
26, deeperdarker:ancient_temple, HEADING, header:ignore, 0, 0, 0
27, dungeons_and_combat:ancient_tree, HEADING, header:ignore, 0, 0, 0
28, idas:animal_den/forest_den, HEADING, header:ignore, 0, 0, 0
29, idas:animal_den/foxhound_den, HEADING, header:ignore, 0, 0, 0
30, idas:animal_den/polar_bear_den, HEADING, header:ignore, 0, 0, 0
31, idas:apothecary_abode, HEADING, header:ignore, 0, 0, 0
32, idas:ars_nouveau/archmages_tower, HEADING, header:ignore, 0, 0, 0
33, mes:astral_hideaway, HEADING, header:ignore, 0, 0, 0
34, mes:astral_meteorite, HEADING, header:ignore, 0, 0, 0
35, dungeons_arise:aviary, HEADING, header:ignore, 0, 0, 0
36, dungeons_arise:aviary, MONSTER, minecraft:phantom, 60, 2, 3
37, mvs:azelea_house, HEADING, header:ignore, 0, 0, 0
38, totw_modded:badlands, HEADING, header:ignore, 0, 0, 0
39, valarian_conquest:bandit_camp, HEADING, header:ignore, 0, 0, 0
40, dungeons_arise:bandit_towers, HEADING, header:ignore, 0, 0, 0
41, dungeons_arise:bandit_village, HEADING, header:ignore, 0, 0, 0
42, wythers:banyan_sparse_jungle, HEADING, header:ignore, 0, 0, 0
43, wythers:baobab_dry_tropical_forest, HEADING, header:ignore, 0, 0, 0
44, wythers:baobab_savanna, HEADING, header:ignore, 0, 0, 0
45, wythers:baobab_savanna, CREATURE, minecraft:parrot, 40, 3, 5
46, wythers:baobab_tropical_forest, HEADING, header:ignore, 0, 0, 0
47, mvs:barn, HEADING, header:ignore, 0, 0, 0
48, minecraft:bastion_remnant, HEADING, header:ignore, 0, 0, 0
49, dungeons_arise:bathhouse, HEADING, header:ignore, 0, 0, 0
50, idas:bazaar, HEADING, header:ignore, 0, 0, 0
51, mvs:beach_bar, HEADING, header:ignore, 0, 0, 0
52, idas:bearclaw_inn, HEADING, header:ignore, 0, 0, 0
53, mvs:bee_dome, HEADING, header:ignore, 0, 0, 0
54, idas:beekeepers_house, HEADING, header:ignore, 0, 0, 0
55, mvs:bench, HEADING, header:ignore, 0, 0, 0
56, mvs:big_oak_tree, HEADING, header:ignore, 0, 0, 0
57, mvs:birch_log_pile, HEADING, header:ignore, 0, 0, 0
58, mvs:birch_tree, HEADING, header:ignore, 0, 0, 0
59, mvs:birch_well, HEADING, header:ignore, 0, 0, 0
60, dungeons_and_combat:blazing_fortress, HEADING, header:ignore, 0, 0, 0
61, mvs:blue_stall, HEADING, header:ignore, 0, 0, 0
62, valarian_conquest:bohemiancastle, HEADING, header:ignore, 0, 0, 0
63, valarian_conquest:bohemianoutpost, HEADING, header:ignore, 0, 0, 0
64, valarian_conquest:bohemiantower, HEADING, header:ignore, 0, 0, 0
65, idas:botanist, HEADING, header:ignore, 0, 0, 0
66, mvs:boulder, HEADING, header:ignore, 0, 0, 0
67, idas:brickhouse, HEADING, header:ignore, 0, 0, 0
68, abridged:bridge, HEADING, header:ignore, 0, 0, 0
69, minecraft:buried_treasure, HEADING, header:ignore, 0, 0, 0
70, integrated_villages:cabin_village, HEADING, header:ignore, 0, 0, 0
71, valarian_conquest:caladrian_castle, HEADING, header:ignore, 0, 0, 0
72, valarian_conquest:caladrianfort, HEADING, header:ignore, 0, 0, 0
73, valarian_conquest:caladrianoutpost, HEADING, header:ignore, 0, 0, 0
74, mvs:campsite, HEADING, header:ignore, 0, 0, 0
75, mvs:cart, HEADING, header:ignore, 0, 0, 0
76, mvs:cartographer_tower, HEADING, header:ignore, 0, 0, 0
77, idas:castle, HEADING, header:ignore, 0, 0, 0
78, medieval_nether:castle, HEADING, header:ignore, 0, 0, 0
79, medievalend:castle, HEADING, header:ignore, 0, 0, 0
80, mvs:castle_ruins, HEADING, header:ignore, 0, 0, 0
81, irons_spellbooks:catacombs, HEADING, header:ignore, 0, 0, 0
82, irons_spellbooks:catacombs, MONSTER, irons_spellbooks:catacombs_zombie, 10, 1, 1
83, irons_spellbooks:catacombs, MONSTER, minecraft:skeleton, 10, 1, 1
84, irons_spellbooks:catacombs, MONSTER, irons_spellbooks:necromancer, 10, 1, 1
85, mvs:cathedral, HEADING, header:ignore, 0, 0, 0
86, mvs:cathedral, MONSTER, minecraft:skeleton, 10, 1, 2
87, mvs:cathedral, MONSTER, minecraft:zombie, 10, 2, 5
88, dungeons_arise:ceryneian_hind, HEADING, header:ignore, 0, 0, 0
89, mvs:cherry_tree, HEADING, header:ignore, 0, 0, 0
90, integrated_villages:clockwork_village, HEADING, header:ignore, 0, 0, 0
91, dungeons_arise:coliseum, HEADING, header:ignore, 0, 0, 0
92, idas:collectors_museum, HEADING, header:ignore, 0, 0, 0
93, dungeons_arise_seven_seas:corsair_corvette, HEADING, header:ignore, 0, 0, 0
94, idas:cottage, HEADING, header:ignore, 0, 0, 0
95, mvs:crimson_enchanting_table, HEADING, header:ignore, 0, 0, 0
96, mvs:crystal, HEADING, header:ignore, 0, 0, 0
97, mvs:dark_oak_log_pile, HEADING, header:ignore, 0, 0, 0
98, mvs:dark_oak_tree, HEADING, header:ignore, 0, 0, 0
99, mvs:dark_oak_well, HEADING, header:ignore, 0, 0, 0
100, mvs:dead_tree_acacia, HEADING, header:ignore, 0, 0, 0
101, mvs:dead_tree_birch, HEADING, header:ignore, 0, 0, 0
102, mvs:dead_tree_cherry, HEADING, header:ignore, 0, 0, 0
103, mvs:dead_tree_dark_oak, HEADING, header:ignore, 0, 0, 0
104, mvs:dead_tree_jungle, HEADING, header:ignore, 0, 0, 0
105, mvs:dead_tree_mangrove, HEADING, header:ignore, 0, 0, 0
106, mvs:dead_tree_oak, HEADING, header:ignore, 0, 0, 0
107, mvs:dead_tree_spruce, HEADING, header:ignore, 0, 0, 0
108, mvs:deepslate_house, HEADING, header:ignore, 0, 0, 0
109, totw_modded:derelict, HEADING, header:ignore, 0, 0, 0
110, totw_modded:derelict_grass, HEADING, header:ignore, 0, 0, 0
111, totw_modded:desert, HEADING, header:ignore, 0, 0, 0
112, idas:desert_camp/desert_camp, HEADING, header:ignore, 0, 0, 0
113, idas:desert_camp/desert_camp_bygwindswept, HEADING, header:ignore, 0, 0, 0
114, idas:desert_camp/desert_camp_orange, HEADING, header:ignore, 0, 0, 0
115, idas:desert_camp/desert_camp_red, HEADING, header:ignore, 0, 0, 0
116, mvs:desert_house, HEADING, header:ignore, 0, 0, 0
117, idas:desert_market/desert_market, HEADING, header:ignore, 0, 0, 0
118, idas:desert_market/desert_market_orange, HEADING, header:ignore, 0, 0, 0
119, idas:desert_market/desert_market_red, HEADING, header:ignore, 0, 0, 0
120, mvs:desert_pump, HEADING, header:ignore, 0, 0, 0
121, idas:desert_pyramid, HEADING, header:ignore, 0, 0, 0
122, minecraft:desert_pyramid, HEADING, header:ignore, 0, 0, 0
123, idas:desert_ruins, HEADING, header:ignore, 0, 0, 0
124, mvs:desert_well, HEADING, header:ignore, 0, 0, 0
125, idas:dig_site/dig_site, HEADING, header:ignore, 0, 0, 0
126, idas:dig_site/dig_site_desert, HEADING, header:ignore, 0, 0, 0
127, medieval_nether:dome, HEADING, header:ignore, 0, 0, 0
128, block_factorys_bosses:dragon_tower, HEADING, header:ignore, 0, 0, 0
129, mvs:duck, HEADING, header:ignore, 0, 0, 0
130, dungeoncrawl:dungeon, HEADING, header:ignore, 0, 0, 0
131, valarian_conquest:dwarven_tower, HEADING, header:ignore, 0, 0, 0
132, dungeons_and_combat:echoing_ruins, HEADING, header:ignore, 0, 0, 0
133, endergetic:eetle_nest, HEADING, header:ignore, 0, 0, 0
134, endergetic:eetle_nest, MONSTER, endergetic:charger_eetle, 12, 3, 7
135, endergetic:eetle_nest, MONSTER, endergetic:glider_eetle, 10, 3, 6
136, wythers:el_dorado, HEADING, header:ignore, 0, 0, 0
137, wythers:elephant_graveyard_fossil, HEADING, header:ignore, 0, 0, 0
138, idas:enchantingtower, HEADING, header:ignore, 0, 0, 0
139, totw_modded:end, HEADING, header:ignore, 0, 0, 0
140, minecraft:end_city, HEADING, header:ignore, 0, 0, 0
141, minecraft:end_city, MONSTER, alexsmobs:mimicube, 40, 1, 3
142, mvs:end_scraps_1, HEADING, header:ignore, 0, 0, 0
143, mvs:end_scraps_2, HEADING, header:ignore, 0, 0, 0
144, mvs:end_scraps_3, HEADING, header:ignore, 0, 0, 0
145, mvs:end_scraps_4, HEADING, header:ignore, 0, 0, 0
146, totw_additions:end_tower, HEADING, header:ignore, 0, 0, 0
147, mvs:end_well, HEADING, header:ignore, 0, 0, 0
148, mes:ender_spire, HEADING, header:ignore, 0, 0, 0
149, mes:enderbloom_grove, HEADING, header:ignore, 0, 0, 0
150, mes:enderkeep_courtyard, HEADING, header:ignore, 0, 0, 0
151, mes:enderpin_spikes, HEADING, header:ignore, 0, 0, 0
152, mes:enderskog, HEADING, header:ignore, 0, 0, 0
153, mes:enderwatch_tower, HEADING, header:ignore, 0, 0, 0
154, mes:endscraps, HEADING, header:ignore, 0, 0, 0
155, dungeons_and_combat:ernos_cave, HEADING, header:ignore, 0, 0, 0
156, totw_modded:everbright, HEADING, header:ignore, 0, 0, 0
157, totw_modded:everdawn, HEADING, header:ignore, 0, 0, 0
158, irons_spellbooks:evoker_fort, HEADING, header:ignore, 0, 0, 0
159, irons_spellbooks:evoker_fort, MONSTER, minecraft:pillager, 10, 2, 3
160, irons_spellbooks:evoker_fort, MONSTER, minecraft:vindicator, 10, 4, 4
161, towns_and_towers:exclusives/pillager_outpost_classic, HEADING, header:ignore, 0, 0, 0
162, towns_and_towers:exclusives/pillager_outpost_classic, MONSTER, minecraft:pillager, 10, 1, 2
163, towns_and_towers:exclusives/pillager_outpost_iberian, HEADING, header:ignore, 0, 0, 0
164, towns_and_towers:exclusives/pillager_outpost_iberian, MONSTER, minecraft:pillager, 10, 1, 2
165, towns_and_towers:exclusives/pillager_outpost_mediterranean, HEADING, header:ignore, 0, 0, 0
166, towns_and_towers:exclusives/pillager_outpost_mediterranean, MONSTER, minecraft:pillager, 10, 1, 2
167, towns_and_towers:exclusives/pillager_outpost_oriental, HEADING, header:ignore, 0, 0, 0
168, towns_and_towers:exclusives/pillager_outpost_oriental, MONSTER, minecraft:pillager, 10, 1, 2
169, towns_and_towers:exclusives/pillager_outpost_rustic, HEADING, header:ignore, 0, 0, 0
170, towns_and_towers:exclusives/pillager_outpost_rustic, MONSTER, minecraft:pillager, 10, 1, 2
171, towns_and_towers:exclusives/pillager_outpost_swedish, HEADING, header:ignore, 0, 0, 0
172, towns_and_towers:exclusives/pillager_outpost_swedish, MONSTER, minecraft:pillager, 10, 1, 2
173, towns_and_towers:exclusives/pillager_outpost_tudor, HEADING, header:ignore, 0, 0, 0
174, towns_and_towers:exclusives/pillager_outpost_tudor, MONSTER, minecraft:pillager, 10, 1, 2
175, towns_and_towers:exclusives/village_classic, HEADING, header:ignore, 0, 0, 0
176, towns_and_towers:exclusives/village_iberian, HEADING, header:ignore, 0, 0, 0
177, towns_and_towers:exclusives/village_mediterranean, HEADING, header:ignore, 0, 0, 0
178, towns_and_towers:exclusives/village_nilotic, HEADING, header:ignore, 0, 0, 0
179, towns_and_towers:exclusives/village_piglin, HEADING, header:ignore, 0, 0, 0
180, towns_and_towers:exclusives/village_piglin, MONSTER, minecraft:piglin, 10, 6, 8
181, towns_and_towers:exclusives/village_piglin, MONSTER, minecraft:piglin_brute, 10, 2, 3
182, towns_and_towers:exclusives/village_rustic, HEADING, header:ignore, 0, 0, 0
183, towns_and_towers:exclusives/village_swedish, HEADING, header:ignore, 0, 0, 0
184, towns_and_towers:exclusives/village_tudor, HEADING, header:ignore, 0, 0, 0
185, towns_and_towers:exclusives/village_wandering_trader_camp, HEADING, header:ignore, 0, 0, 0
186, idas:farmhouse, HEADING, header:ignore, 0, 0, 0
187, mvs:fire_camp, HEADING, header:ignore, 0, 0, 0
188, idas:fishermans_lodge, HEADING, header:ignore, 0, 0, 0
189, dungeons_arise:fishing_hut, HEADING, header:ignore, 0, 0, 0
190, mvs:floating_islands, HEADING, header:ignore, 0, 0, 0
191, mvs:flower_hole, HEADING, header:ignore, 0, 0, 0
192, betterfortresses:fortress, HEADING, header:ignore, 0, 0, 0
193, betterfortresses:fortress, MONSTER, minecraft:blaze, 10, 2, 3
194, betterfortresses:fortress, MONSTER, minecraft:zombified_piglin, 10, 4, 4
195, betterfortresses:fortress, MONSTER, minecraft:wither_skeleton, 10, 5, 5
196, betterfortresses:fortress, MONSTER, minecraft:skeleton, 10, 5, 5
197, betterfortresses:fortress, MONSTER, minecraft:magma_cube, 10, 4, 4
198, minecraft:fortress, HEADING, header:ignore, 0, 0, 0
199, minecraft:fortress, MONSTER, minecraft:blaze, 10, 2, 3
200, minecraft:fortress, MONSTER, minecraft:zombified_piglin, 10, 4, 4
201, minecraft:fortress, MONSTER, minecraft:wither_skeleton, 10, 5, 5
202, minecraft:fortress, MONSTER, minecraft:skeleton, 10, 5, 5
203, minecraft:fortress, MONSTER, minecraft:magma_cube, 10, 4, 4
204, dungeons_arise:foundry, HEADING, header:ignore, 0, 0, 0
205, mvs:fox_hut, HEADING, header:ignore, 0, 0, 0
206, mowziesmobs:frostmaw_spawn, HEADING, header:ignore, 0, 0, 0
207, idas:frozen_crypt, HEADING, header:ignore, 0, 0, 0
208, valarian_conquest:galician_fort, HEADING, header:ignore, 0, 0, 0
209, valarian_conquest:galiciancastle, HEADING, header:ignore, 0, 0, 0
210, valarian_conquest:galicianoutpost, HEADING, header:ignore, 0, 0, 0
211, mvs:gallows, HEADING, header:ignore, 0, 0, 0
212, valarian_conquest:gardoniancastle, HEADING, header:ignore, 0, 0, 0
213, wythers:giant_fallen_log, HEADING, header:ignore, 0, 0, 0
214, dungeons_arise:giant_mushroom, HEADING, header:ignore, 0, 0, 0
215, valarian_conquest:gilded_legion_fort, HEADING, header:ignore, 0, 0, 0
216, totw_modded:glacio, HEADING, header:ignore, 0, 0, 0
217, iceandfire:gorgon_temple, HEADING, header:ignore, 0, 0, 0
218, iceandfire:graveyard, HEADING, header:ignore, 0, 0, 0
219, dungeons_arise:greenwood_pub, HEADING, header:ignore, 0, 0, 0
220, idas:haunted_manor, HEADING, header:ignore, 0, 0, 0
221, idas:haunted_manor, MONSTER, quark:wraith, 10, 3, 4
222, mvs:haystack, HEADING, header:ignore, 0, 0, 0
223, dungeons_arise:heavenly_challenger, HEADING, header:ignore, 0, 0, 0
224, dungeons_arise:heavenly_conqueror, HEADING, header:ignore, 0, 0, 0
225, dungeons_arise:heavenly_rider, HEADING, header:ignore, 0, 0, 0
226, idas:hermits_hollow, HEADING, header:ignore, 0, 0, 0
227, mvs:horse_campsite, HEADING, header:ignore, 0, 0, 0
228, mvs:horse_pen, HEADING, header:ignore, 0, 0, 0
229, medieval_nether:house, HEADING, header:ignore, 0, 0, 0
230, medievalend:house, HEADING, header:ignore, 0, 0, 0
231, mvs:house, HEADING, header:ignore, 0, 0, 0
232, idas:hunters_cabin, HEADING, header:ignore, 0, 0, 0
233, totw_modded:ice, HEADING, header:ignore, 0, 0, 0
234, skyarena:ice_arena, HEADING, header:ignore, 0, 0, 0
235, idas:iceandfire/dread_citadel, HEADING, header:ignore, 0, 0, 0
236, idas:iceandfire/sirens_cove, HEADING, header:ignore, 0, 0, 0
237, minecraft:igloo, HEADING, header:ignore, 0, 0, 0
238, dungeons_arise:illager_campsite, HEADING, header:ignore, 0, 0, 0
239, dungeons_arise:illager_corsair, HEADING, header:ignore, 0, 0, 0
240, dungeons_arise:illager_fort, HEADING, header:ignore, 0, 0, 0
241, dungeons_arise:illager_galley, HEADING, header:ignore, 0, 0, 0
242, dungeons_arise:illager_windmill, HEADING, header:ignore, 0, 0, 0
243, irons_spellbooks:impaled_icebreaker, HEADING, header:ignore, 0, 0, 0
244, dungeons_arise:infested_temple, HEADING, header:ignore, 0, 0, 0
245, totw_modded:jungle, HEADING, header:ignore, 0, 0, 0
246, mvs:jungle_log_pile, HEADING, header:ignore, 0, 0, 0
247, mvs:jungle_palm_tree, HEADING, header:ignore, 0, 0, 0
248, minecraft:jungle_pyramid, HEADING, header:ignore, 0, 0, 0
249, mvs:jungle_tower, HEADING, header:ignore, 0, 0, 0
250, mvs:jungle_tree, HEADING, header:ignore, 0, 0, 0
251, dungeons_arise:jungle_tree_house, HEADING, header:ignore, 0, 0, 0
252, mvs:jungle_well, HEADING, header:ignore, 0, 0, 0
253, dungeons_arise:keep_kayra, HEADING, header:ignore, 0, 0, 0
254, integrated_villages:kutcha_village, HEADING, header:ignore, 0, 0, 0
255, idas:labyrinth, HEADING, header:ignore, 0, 0, 0
256, mvs:lamp_chest, HEADING, header:ignore, 0, 0, 0
257, valarian_conquest:lancastiancastle, HEADING, header:ignore, 0, 0, 0
258, valarian_conquest:lancastianoutpost, HEADING, header:ignore, 0, 0, 0
259, ba_bt:land_tower, HEADING, header:ignore, 0, 0, 0
260, mvs:large_cart_1, HEADING, header:ignore, 0, 0, 0
261, mvs:large_cart_2, HEADING, header:ignore, 0, 0, 0
262, mvs:large_floating_island, HEADING, header:ignore, 0, 0, 0
263, mvs:large_mushroom, HEADING, header:ignore, 0, 0, 0
264, mvs:large_warped_tower, HEADING, header:ignore, 0, 0, 0
265, mvs:lecturn_garden, HEADING, header:ignore, 0, 0, 0
266, dungeons_arise:lighthouse, HEADING, header:ignore, 0, 0, 0
267, mvs:log_ruin, HEADING, header:ignore, 0, 0, 0
268, idas:lumber_camp/lumber_camp_acacia, HEADING, header:ignore, 0, 0, 0
269, idas:lumber_camp/lumber_camp_birch, HEADING, header:ignore, 0, 0, 0
270, idas:lumber_camp/lumber_camp_bopmahogany, HEADING, header:ignore, 0, 0, 0
271, idas:lumber_camp/lumber_camp_bopredwood, HEADING, header:ignore, 0, 0, 0
272, idas:lumber_camp/lumber_camp_bygmahogany, HEADING, header:ignore, 0, 0, 0
273, idas:lumber_camp/lumber_camp_bygredwood, HEADING, header:ignore, 0, 0, 0
274, idas:lumber_camp/lumber_camp_dark_oak, HEADING, header:ignore, 0, 0, 0
275, idas:lumber_camp/lumber_camp_jungle, HEADING, header:ignore, 0, 0, 0
276, idas:lumber_camp/lumber_camp_oak, HEADING, header:ignore, 0, 0, 0
277, idas:lumber_camp/lumber_camp_spruce, HEADING, header:ignore, 0, 0, 0
278, irons_spellbooks:mangrove_hut, HEADING, header:ignore, 0, 0, 0
279, minecraft:mansion, HEADING, header:ignore, 0, 0, 0
280, mes:manuscript_shrine, HEADING, header:ignore, 0, 0, 0
281, integrated_villages:marketstead_village, HEADING, header:ignore, 0, 0, 0
282, totw_modded:mars, HEADING, header:ignore, 0, 0, 0
283, idas:mason_house, HEADING, header:ignore, 0, 0, 0
284, iceandfire:mausoleum, HEADING, header:ignore, 0, 0, 0
285, dungeons_arise:mechanical_nest, HEADING, header:ignore, 0, 0, 0
286, integrated_villages:mediterranean_village, HEADING, header:ignore, 0, 0, 0
287, mvs:medium_bamboo_cart, HEADING, header:ignore, 0, 0, 0
288, mvs:medium_igloo_1, HEADING, header:ignore, 0, 0, 0
289, mvs:medium_igloo_2, HEADING, header:ignore, 0, 0, 0
290, mvs:medium_oak_lantern, HEADING, header:ignore, 0, 0, 0
291, mes:mega_ship, HEADING, header:ignore, 0, 0, 0
292, mes:mega_ship, MONSTER, minecraft:shulker, 10, 2, 3
293, mes:mega_ship_basic, HEADING, header:ignore, 0, 0, 0
294, mes:mega_ship_basic, MONSTER, minecraft:shulker, 10, 2, 3
295, mes:mega_ship_basic, MONSTER, minecraft:enderman, 10, 3, 5
296, mes:mega_ship_crashed, HEADING, header:ignore, 0, 0, 0
297, mes:mega_ship_crashed, MONSTER, minecraft:shulker, 10, 2, 3
298, mes:mega_ship_crashed_2, HEADING, header:ignore, 0, 0, 0
299, mes:mega_ship_crashed_2, MONSTER, minecraft:shulker, 10, 2, 3
300, mes:mega_ship_crashed_deepslate, HEADING, header:ignore, 0, 0, 0
301, mes:mega_ship_crashed_deepslate, MONSTER, minecraft:shulker, 10, 1, 2
302, mes:mega_ship_deepslate, HEADING, header:ignore, 0, 0, 0
303, mes:mega_ship_deepslate, MONSTER, minecraft:shulker, 10, 2, 3
304, mes:mega_ship_deepslate, MONSTER, minecraft:enderman, 10, 3, 5
305, mes:mega_ship_deepslate_2, HEADING, header:ignore, 0, 0, 0
306, mes:mega_ship_deepslate_2, MONSTER, minecraft:shulker, 10, 2, 3
307, mes:mega_ship_deepslate_2, MONSTER, minecraft:enderman, 10, 3, 5
308, mes:mega_ship_deepslate_3, HEADING, header:ignore, 0, 0, 0
309, mes:mega_ship_deepslate_3, MONSTER, minecraft:shulker, 10, 2, 3
310, mes:mega_ship_deepslate_3, MONSTER, minecraft:enderman, 10, 3, 5
311, dungeons_arise:merchant_campsite, HEADING, header:ignore, 0, 0, 0
312, totw_modded:mercury, HEADING, header:ignore, 0, 0, 0
313, towns_and_towers:mimic_desert, HEADING, header:ignore, 0, 0, 0
314, mvs:mine_with_campsite, HEADING, header:ignore, 0, 0, 0
315, minecraft:mineshaft, HEADING, header:ignore, 0, 0, 0
316, minecraft:mineshaft, AMBIENT, alexsmobs:underminer, 50, 1, 1
317, mvs:mineshaft, HEADING, header:ignore, 0, 0, 0
318, bettermineshafts:mineshaft_acacia, HEADING, header:ignore, 0, 0, 0
319, bettermineshafts:mineshaft_acacia, AMBIENT, alexsmobs:underminer, 50, 1, 1
320, bettermineshafts:mineshaft_desert, HEADING, header:ignore, 0, 0, 0
321, bettermineshafts:mineshaft_desert, AMBIENT, alexsmobs:underminer, 50, 1, 1
322, bettermineshafts:mineshaft_dripstone, HEADING, header:ignore, 0, 0, 0
323, bettermineshafts:mineshaft_dripstone, AMBIENT, alexsmobs:underminer, 50, 1, 1
324, bettermineshafts:mineshaft_ice, HEADING, header:ignore, 0, 0, 0
325, bettermineshafts:mineshaft_ice, AMBIENT, alexsmobs:underminer, 50, 1, 1
326, bettermineshafts:mineshaft_jungle, HEADING, header:ignore, 0, 0, 0
327, bettermineshafts:mineshaft_jungle, AMBIENT, alexsmobs:underminer, 50, 1, 1
328, bettermineshafts:mineshaft_lush, HEADING, header:ignore, 0, 0, 0
329, bettermineshafts:mineshaft_lush, AMBIENT, alexsmobs:underminer, 50, 1, 1
330, bettermineshafts:mineshaft_mesa, HEADING, header:ignore, 0, 0, 0
331, bettermineshafts:mineshaft_mesa, AMBIENT, alexsmobs:underminer, 50, 1, 1
332, minecraft:mineshaft_mesa, HEADING, header:ignore, 0, 0, 0
333, minecraft:mineshaft_mesa, AMBIENT, alexsmobs:underminer, 50, 1, 1
334, bettermineshafts:mineshaft_mushroom, HEADING, header:ignore, 0, 0, 0
335, bettermineshafts:mineshaft_mushroom, AMBIENT, alexsmobs:underminer, 50, 1, 1
336, bettermineshafts:mineshaft_oak, HEADING, header:ignore, 0, 0, 0
337, bettermineshafts:mineshaft_oak, AMBIENT, alexsmobs:underminer, 50, 1, 1
338, bettermineshafts:mineshaft_overgrown, HEADING, header:ignore, 0, 0, 0
339, bettermineshafts:mineshaft_overgrown, AMBIENT, alexsmobs:underminer, 50, 1, 1
340, bettermineshafts:mineshaft_red_desert, HEADING, header:ignore, 0, 0, 0
341, bettermineshafts:mineshaft_red_desert, AMBIENT, alexsmobs:underminer, 50, 1, 1
342, bettermineshafts:mineshaft_spruce, HEADING, header:ignore, 0, 0, 0
343, bettermineshafts:mineshaft_spruce, AMBIENT, alexsmobs:underminer, 50, 1, 1
344, bettermineshafts:mineshaft_spruce_snowy, HEADING, header:ignore, 0, 0, 0
345, bettermineshafts:mineshaft_spruce_snowy, AMBIENT, alexsmobs:underminer, 50, 1, 1
346, dungeons_arise:mining_system, HEADING, header:ignore, 0, 0, 0
347, dungeons_arise:monastery, HEADING, header:ignore, 0, 0, 0
348, mowziesmobs:monastery, HEADING, header:ignore, 0, 0, 0
349, mowziesmobs:monastery, MONSTER, mowziesmobs:bluff, 80, 1, 2
350, mes:monolith, HEADING, header:ignore, 0, 0, 0
351, minecraft:monument, HEADING, header:ignore, 0, 0, 0
352, minecraft:monument, MONSTER, minecraft:guardian, 10, 2, 4
353, totw_modded:moon, HEADING, header:ignore, 0, 0, 0
354, integrated_villages:mossy_mounds, HEADING, header:ignore, 0, 0, 0
355, irons_spellbooks:mountain_tower, HEADING, header:ignore, 0, 0, 0
356, dungeons_arise:mushroom_house, HEADING, header:ignore, 0, 0, 0
357, dungeons_arise:mushroom_mines, HEADING, header:ignore, 0, 0, 0
358, mvs:mushroom_pond, HEADING, header:ignore, 0, 0, 0
359, mvs:mushroom_statue, HEADING, header:ignore, 0, 0, 0
360, dungeons_arise:mushroom_village, HEADING, header:ignore, 0, 0, 0
361, mvs:mushroom_well, HEADING, header:ignore, 0, 0, 0
362, mes:mythic_garden, HEADING, header:ignore, 0, 0, 0
363, idas:necromancers_spire, HEADING, header:ignore, 0, 0, 0
364, idas:necromancers_spire, MONSTER, quark:wraith, 10, 1, 1
365, totw_modded:nether, HEADING, header:ignore, 0, 0, 0
366, mvs:nether_devil, HEADING, header:ignore, 0, 0, 0
367, minecraft:nether_fossil, HEADING, header:ignore, 0, 0, 0
368, minecraft:nether_fossil, MONSTER, alexsmobs:soul_vulture, 30, 1, 1
369, paraglider:nether_horned_statue, HEADING, header:ignore, 0, 0, 0
370, idas:nether_pump_camp, HEADING, header:ignore, 0, 0, 0
371, totw_additions:nether_tower, HEADING, header:ignore, 0, 0, 0
372, mvs:nether_well, HEADING, header:ignore, 0, 0, 0
373, idas:nexus, HEADING, header:ignore, 0, 0, 0
374, idas:nexus, MONSTER, minecraft:silverfish, 10, 1, 4
375, idas:nexus, MONSTER, quark:wraith, 10, 1, 4
376, valarian_conquest:numeriancastle, HEADING, header:ignore, 0, 0, 0
377, valarian_conquest:numerianoutpost, HEADING, header:ignore, 0, 0, 0
378, mvs:oak_log_pile, HEADING, header:ignore, 0, 0, 0
379, mvs:oak_tree, HEADING, header:ignore, 0, 0, 0
380, mvs:oak_well, HEADING, header:ignore, 0, 0, 0
381, integrated_villages:oasis_village, HEADING, header:ignore, 0, 0, 0
382, totw_modded:ocean, HEADING, header:ignore, 0, 0, 0
383, betteroceanmonuments:ocean_monument, HEADING, header:ignore, 0, 0, 0
384, betteroceanmonuments:ocean_monument, MONSTER, minecraft:guardian, 10, 2, 4
385, minecraft:ocean_ruin_cold, HEADING, header:ignore, 0, 0, 0
386, minecraft:ocean_ruin_warm, HEADING, header:ignore, 0, 0, 0
387, ba_bt:ocean_tower, HEADING, header:ignore, 0, 0, 0
388, mvs:ocean_tower, HEADING, header:ignore, 0, 0, 0
389, totw_modded:ocean_warm, HEADING, header:ignore, 0, 0, 0
390, mvs:orange_stall, HEADING, header:ignore, 0, 0, 0
391, valarian_conquest:orc_fort, HEADING, header:ignore, 0, 0, 0
392, valarian_conquest:orc_outpost, HEADING, header:ignore, 0, 0, 0
393, mvs:out_house, HEADING, header:ignore, 0, 0, 0
394, mvs:paths, HEADING, header:ignore, 0, 0, 0
395, mes:phantom_citadel, HEADING, header:ignore, 0, 0, 0
396, mvs:pile, HEADING, header:ignore, 0, 0, 0
397, idas:pillager_camp, HEADING, header:ignore, 0, 0, 0
398, idas:pillager_fortress, HEADING, header:ignore, 0, 0, 0
399, minecraft:pillager_outpost, HEADING, header:ignore, 0, 0, 0
400, minecraft:pillager_outpost, MONSTER, minecraft:pillager, 10, 1, 1
401, minecraft:pillager_outpost, MONSTER, minecraft:vindicator, 10, 1, 1
402, towns_and_towers:pillager_outpost_badlands, HEADING, header:ignore, 0, 0, 0
403, towns_and_towers:pillager_outpost_badlands, MONSTER, minecraft:pillager, 10, 1, 2
404, towns_and_towers:pillager_outpost_beach, HEADING, header:ignore, 0, 0, 0
405, towns_and_towers:pillager_outpost_beach, MONSTER, minecraft:pillager, 10, 1, 2
406, towns_and_towers:pillager_outpost_birch_forest, HEADING, header:ignore, 0, 0, 0
407, towns_and_towers:pillager_outpost_birch_forest, MONSTER, minecraft:pillager, 10, 1, 2
408, towns_and_towers:pillager_outpost_desert, HEADING, header:ignore, 0, 0, 0
409, towns_and_towers:pillager_outpost_desert, MONSTER, minecraft:pillager, 10, 1, 2
410, towns_and_towers:pillager_outpost_flower_forest, HEADING, header:ignore, 0, 0, 0
411, towns_and_towers:pillager_outpost_flower_forest, MONSTER, minecraft:pillager, 10, 1, 2
412, towns_and_towers:pillager_outpost_forest, HEADING, header:ignore, 0, 0, 0
413, towns_and_towers:pillager_outpost_forest, MONSTER, minecraft:pillager, 10, 1, 2
414, towns_and_towers:pillager_outpost_grove, HEADING, header:ignore, 0, 0, 0
415, towns_and_towers:pillager_outpost_grove, MONSTER, minecraft:pillager, 10, 1, 2
416, towns_and_towers:pillager_outpost_jungle, HEADING, header:ignore, 0, 0, 0
417, towns_and_towers:pillager_outpost_jungle, MONSTER, minecraft:pillager, 10, 1, 2
418, towns_and_towers:pillager_outpost_meadow, HEADING, header:ignore, 0, 0, 0
419, towns_and_towers:pillager_outpost_meadow, MONSTER, minecraft:pillager, 10, 1, 2
420, towns_and_towers:pillager_outpost_mushroom_fields, HEADING, header:ignore, 0, 0, 0
421, towns_and_towers:pillager_outpost_ocean, HEADING, header:ignore, 0, 0, 0
422, towns_and_towers:pillager_outpost_ocean, MONSTER, minecraft:pillager, 10, 1, 2
423, towns_and_towers:pillager_outpost_old_growth_taiga, HEADING, header:ignore, 0, 0, 0
424, towns_and_towers:pillager_outpost_old_growth_taiga, MONSTER, minecraft:pillager, 10, 1, 2
425, towns_and_towers:pillager_outpost_savanna, HEADING, header:ignore, 0, 0, 0
426, towns_and_towers:pillager_outpost_savanna, MONSTER, minecraft:pillager, 10, 1, 2
427, towns_and_towers:pillager_outpost_savanna_plateau, HEADING, header:ignore, 0, 0, 0
428, towns_and_towers:pillager_outpost_savanna_plateau, MONSTER, minecraft:pillager, 10, 1, 2
429, towns_and_towers:pillager_outpost_snowy_beach, HEADING, header:ignore, 0, 0, 0
430, towns_and_towers:pillager_outpost_snowy_beach, MONSTER, minecraft:pillager, 10, 1, 2
431, towns_and_towers:pillager_outpost_snowy_plains, HEADING, header:ignore, 0, 0, 0
432, towns_and_towers:pillager_outpost_snowy_plains, MONSTER, minecraft:pillager, 10, 1, 2
433, towns_and_towers:pillager_outpost_snowy_slopes, HEADING, header:ignore, 0, 0, 0
434, towns_and_towers:pillager_outpost_snowy_slopes, MONSTER, minecraft:pillager, 10, 1, 2
435, towns_and_towers:pillager_outpost_snowy_taiga, HEADING, header:ignore, 0, 0, 0
436, towns_and_towers:pillager_outpost_snowy_taiga, MONSTER, minecraft:pillager, 10, 1, 2
437, towns_and_towers:pillager_outpost_sparse_jungle, HEADING, header:ignore, 0, 0, 0
438, towns_and_towers:pillager_outpost_sparse_jungle, MONSTER, minecraft:pillager, 10, 1, 2
439, towns_and_towers:pillager_outpost_sunflower_plains, HEADING, header:ignore, 0, 0, 0
440, towns_and_towers:pillager_outpost_sunflower_plains, MONSTER, minecraft:pillager, 10, 1, 2
441, towns_and_towers:pillager_outpost_swamp, HEADING, header:ignore, 0, 0, 0
442, towns_and_towers:pillager_outpost_swamp, MONSTER, minecraft:pillager, 10, 1, 2
443, towns_and_towers:pillager_outpost_taiga, HEADING, header:ignore, 0, 0, 0
444, towns_and_towers:pillager_outpost_taiga, MONSTER, minecraft:pillager, 10, 1, 2
445, towns_and_towers:pillager_outpost_wooded_badlands, HEADING, header:ignore, 0, 0, 0
446, towns_and_towers:pillager_outpost_wooded_badlands, MONSTER, minecraft:pillager, 10, 1, 2
447, mvs:pink_stall, HEADING, header:ignore, 0, 0, 0
448, dungeons_arise_seven_seas:pirate_junk, HEADING, header:ignore, 0, 0, 0
449, integrated_villages:pirate_village, HEADING, header:ignore, 0, 0, 0
450, mes:placid_prairie, HEADING, header:ignore, 0, 0, 0
451, dungeons_arise:plague_asylum, HEADING, header:ignore, 0, 0, 0
452, medievalend:pyramid, HEADING, header:ignore, 0, 0, 0
453, irons_spellbooks:pyromancer_tower, HEADING, header:ignore, 0, 0, 0
454, integrated_villages:quark/minka_village, HEADING, header:ignore, 0, 0, 0
455, mvs:railway, HEADING, header:ignore, 0, 0, 0
456, mvs:rare_well, HEADING, header:ignore, 0, 0, 0
457, totw_modded:ratlantis, HEADING, header:ignore, 0, 0, 0
458, mvs:red_stall, HEADING, header:ignore, 0, 0, 0
459, mvs:red_tower, HEADING, header:ignore, 0, 0, 0
460, idas:redhorn_guild, HEADING, header:ignore, 0, 0, 0
461, totw_modded:regular, HEADING, header:ignore, 0, 0, 0
462, dungeons_and_combat:remanent_camp, HEADING, header:ignore, 0, 0, 0
463, dungeons_and_combat:remanent_watch_tower, HEADING, header:ignore, 0, 0, 0
464, mvs:rocky_well, HEADING, header:ignore, 0, 0, 0
465, mvs:ruined_beacon, HEADING, header:ignore, 0, 0, 0
466, idas:ruined_church, HEADING, header:ignore, 0, 0, 0
467, idas:ruined_fort, HEADING, header:ignore, 0, 0, 0
468, mes:ruined_pillar, HEADING, header:ignore, 0, 0, 0
469, minecraft:ruined_portal, HEADING, header:ignore, 0, 0, 0
470, minecraft:ruined_portal_desert, HEADING, header:ignore, 0, 0, 0
471, minecraft:ruined_portal_jungle, HEADING, header:ignore, 0, 0, 0
472, minecraft:ruined_portal_mountain, HEADING, header:ignore, 0, 0, 0
473, minecraft:ruined_portal_nether, HEADING, header:ignore, 0, 0, 0
474, minecraft:ruined_portal_ocean, HEADING, header:ignore, 0, 0, 0
475, minecraft:ruined_portal_swamp, HEADING, header:ignore, 0, 0, 0
476, idas:ruined_well, HEADING, header:ignore, 0, 0, 0
477, idas:ruins_of_the_deep, HEADING, header:ignore, 0, 0, 0
478, block_factorys_bosses:sandworm_nest, HEADING, header:ignore, 0, 0, 0
479, dungeons_arise:scorched_mines, HEADING, header:ignore, 0, 0, 0
480, mvs:shed, HEADING, header:ignore, 0, 0, 0
481, medieval_nether:ship, HEADING, header:ignore, 0, 0, 0
482, medievalend:ship, HEADING, header:ignore, 0, 0, 0
483, minecraft:shipwreck, HEADING, header:ignore, 0, 0, 0
484, minecraft:shipwreck, MONSTER, alexsmobs:skelewag, 15, 1, 2
485, minecraft:shipwreck_beached, HEADING, header:ignore, 0, 0, 0
486, dungeons_arise:shiraz_palace, HEADING, header:ignore, 0, 0, 0
487, medieval_nether:shrine, HEADING, header:ignore, 0, 0, 0
488, medievalend:shrine, HEADING, header:ignore, 0, 0, 0
489, betterdungeons:skeleton_dungeon, HEADING, header:ignore, 0, 0, 0
490, betterdungeons:skeleton_dungeon, MONSTER, minecraft:skeleton, 80, 4, 15
491, skyarena:sky_arena, HEADING, header:ignore, 0, 0, 0
492, mvs:small_acacia_lantern, HEADING, header:ignore, 0, 0, 0
493, mvs:small_bamboo_lantern, HEADING, header:ignore, 0, 0, 0
494, mvs:small_birch_lantern, HEADING, header:ignore, 0, 0, 0
495, dungeons_arise:small_blimp, HEADING, header:ignore, 0, 0, 0
496, mvs:small_campfire_lantern, HEADING, header:ignore, 0, 0, 0
497, mvs:small_cherry_lantern, HEADING, header:ignore, 0, 0, 0
498, mvs:small_copper_well, HEADING, header:ignore, 0, 0, 0
499, mvs:small_dark_oak_lantern, HEADING, header:ignore, 0, 0, 0
500, betterdungeons:small_dungeon, HEADING, header:ignore, 0, 0, 0
501, mvs:small_igloo, HEADING, header:ignore, 0, 0, 0
502, mvs:small_jungle_lantern, HEADING, header:ignore, 0, 0, 0
503, mvs:small_mangrove_lantern, HEADING, header:ignore, 0, 0, 0
504, betterdungeons:small_nether_dungeon, HEADING, header:ignore, 0, 0, 0
505, mvs:small_oak_lantern, HEADING, header:ignore, 0, 0, 0
506, mvs:small_oak_pond, HEADING, header:ignore, 0, 0, 0
507, mvs:small_pillager_tower, HEADING, header:ignore, 0, 0, 0
508, dungeons_arise:small_prairie_house, HEADING, header:ignore, 0, 0, 0
509, mvs:small_ruin, HEADING, header:ignore, 0, 0, 0
510, mvs:small_ship, HEADING, header:ignore, 0, 0, 0
511, mvs:small_spruce_lantern, HEADING, header:ignore, 0, 0, 0
512, mvs:small_swamp_house, HEADING, header:ignore, 0, 0, 0
513, mvs:small_tower_well, HEADING, header:ignore, 0, 0, 0
514, mvs:small_well, HEADING, header:ignore, 0, 0, 0
515, dungeons_arise_seven_seas:small_yacht, HEADING, header:ignore, 0, 0, 0
516, idas:snifferhenge, HEADING, header:ignore, 0, 0, 0
517, mvs:snowy_dog_hut, HEADING, header:ignore, 0, 0, 0
518, mvs:snowy_fossil, HEADING, header:ignore, 0, 0, 0
519, mvs:snowy_well, HEADING, header:ignore, 0, 0, 0
520, betterdungeons:spider_dungeon, HEADING, header:ignore, 0, 0, 0
521, betterdungeons:spider_dungeon, MONSTER, minecraft:spider, 80, 4, 15
522, betterdungeons:spider_dungeon, MONSTER, minecraft:cave_spider, 50, 4, 8
523, lios_outlandish_villages:spiral_tower_village, HEADING, header:ignore, 0, 0, 0
524, lios_outlandish_villages:spiral_tower_village_sea, HEADING, header:ignore, 0, 0, 0
525, mvs:spruce_log_pile, HEADING, header:ignore, 0, 0, 0
526, mvs:spruce_tree, HEADING, header:ignore, 0, 0, 0
527, mvs:spruce_well, HEADING, header:ignore, 0, 0, 0
528, mes:starlight_voyager, HEADING, header:ignore, 0, 0, 0
529, mvs:statue_ruins, HEADING, header:ignore, 0, 0, 0
530, mvs:stone_fountain, HEADING, header:ignore, 0, 0, 0
531, mvs:stone_pillars, HEADING, header:ignore, 0, 0, 0
532, mvs:stone_rock, HEADING, header:ignore, 0, 0, 0
533, integrated_stronghold:stronghold, HEADING, header:ignore, 0, 0, 0
534, integrated_stronghold:stronghold, MONSTER, minecraft:silverfish, 10, 1, 2
535, integrated_stronghold:stronghold, MONSTER, minecraft:enderman, 10, 1, 1
536, minecraft:stronghold, HEADING, header:ignore, 0, 0, 0
537, idas:sunken_ship/sunken_ship, HEADING, header:ignore, 0, 0, 0
538, idas:sunken_ship/sunken_ship, MONSTER, quark:wraith, 10, 1, 2
539, idas:sunken_ship/sunken_ship_coral, HEADING, header:ignore, 0, 0, 0
540, idas:sunken_ship/sunken_ship_coral, MONSTER, quark:wraith, 10, 1, 2
541, idas:sunken_ship/sunken_ship_ruins, HEADING, header:ignore, 0, 0, 0
542, integrated_villages:sunken_village, HEADING, header:ignore, 0, 0, 0
543, mvs:sunzi_gate, HEADING, header:ignore, 0, 0, 0
544, minecraft:swamp_hut, HEADING, header:ignore, 0, 0, 0
545, minecraft:swamp_hut, MONSTER, minecraft:witch, 10, 1, 1
546, mvs:tall_house, HEADING, header:ignore, 0, 0, 0
547, paraglider:tarrey_town_goddess_statue, HEADING, header:ignore, 0, 0, 0
548, dungeons_and_combat:tavern, HEADING, header:ignore, 0, 0, 0
549, integrated_villages:tavern_village, HEADING, header:ignore, 0, 0, 0
550, dungeons_and_combat:the_blacksmith_house, HEADING, header:ignore, 0, 0, 0
551, dungeons_and_combat:the_catacumbs_lugubrious, HEADING, header:ignore, 0, 0, 0
552, dungeons_and_combat:the_cathedral, HEADING, header:ignore, 0, 0, 0
553, dungeons_and_combat:the_church, HEADING, header:ignore, 0, 0, 0
554, dungeons_and_combat:the_field_of_the_fallen, HEADING, header:ignore, 0, 0, 0
555, dungeons_and_combat:the_forgotten_sands, HEADING, header:ignore, 0, 0, 0
556, idas:the_log, HEADING, header:ignore, 0, 0, 0
557, dungeons_and_combat:the_pantheon_of_sunleia, HEADING, header:ignore, 0, 0, 0
558, dungeons_and_combat:the_ruins_of_kamath, HEADING, header:ignore, 0, 0, 0
559, dungeons_and_combat:the_tower_of_eldrich, HEADING, header:ignore, 0, 0, 0
560, dungeons_arise:thornborn_towers, HEADING, header:ignore, 0, 0, 0
561, idas:tinkers_citadel, HEADING, header:ignore, 0, 0, 0
562, idas:tinkers_workshop, HEADING, header:ignore, 0, 0, 0
563, apotheosis:tower_leaf, HEADING, header:ignore, 0, 0, 0
564, apotheosis:tower_main, HEADING, header:ignore, 0, 0, 0
565, apotheosis:tower_sand, HEADING, header:ignore, 0, 0, 0
566, apotheosis:tower_spruce, HEADING, header:ignore, 0, 0, 0
567, minecraft:trail_ruins, HEADING, header:ignore, 0, 0, 0
568, idas:train_ruins, HEADING, header:ignore, 0, 0, 0
569, mvs:tree_monument, HEADING, header:ignore, 0, 0, 0
570, idas:tree_of_wisdom, HEADING, header:ignore, 0, 0, 0
571, idas:treetop_tavern, HEADING, header:ignore, 0, 0, 0
572, totw_modded:tw_canopy, HEADING, header:ignore, 0, 0, 0
573, totw_modded:tw_mangrove, HEADING, header:ignore, 0, 0, 0
574, dungeons_arise:typhon, HEADING, header:ignore, 0, 0, 0
575, mowziesmobs:umvuthana_grove, HEADING, header:ignore, 0, 0, 0
576, dungeons_arise:undead_pirate_ship, HEADING, header:ignore, 0, 0, 0
577, idas:underground_camp/underground_camp, HEADING, header:ignore, 0, 0, 0
578, idas:underground_camp/underground_camp_deep, HEADING, header:ignore, 0, 0, 0
579, paraglider:underground_horned_statue, HEADING, header:ignore, 0, 0, 0
580, block_factorys_bosses:underworld_arena, HEADING, header:ignore, 0, 0, 0
581, block_factorys_bosses:underworld_arena, MONSTER, block_factorys_bosses:soul_skeleton, 10, 1, 3
582, block_factorys_bosses:underworld_arena, MONSTER, block_factorys_bosses:soul_knight_wither_skeleton, 10, 1, 3
583, dungeons_arise_seven_seas:unicorn_galleon, HEADING, header:ignore, 0, 0, 0
584, valarian_conquest:valariancastle, HEADING, header:ignore, 0, 0, 0
585, valarian_conquest:valarianfort, HEADING, header:ignore, 0, 0, 0
586, valarian_conquest:valarianoutpost, HEADING, header:ignore, 0, 0, 0
587, totw_modded:venus, HEADING, header:ignore, 0, 0, 0
588, dungeons_arise_seven_seas:victory_frigate, HEADING, header:ignore, 0, 0, 0
589, natures_spirit:village_adobe, HEADING, header:ignore, 0, 0, 0
590, towns_and_towers:village_badlands, HEADING, header:ignore, 0, 0, 0
591, wythers:village_badlands, HEADING, header:ignore, 0, 0, 0
592, wythers:village_badlands_desert, HEADING, header:ignore, 0, 0, 0
593, towns_and_towers:village_beach, HEADING, header:ignore, 0, 0, 0
594, towns_and_towers:village_birch_forest, HEADING, header:ignore, 0, 0, 0
595, natures_spirit:village_coconut, HEADING, header:ignore, 0, 0, 0
596, natures_spirit:village_cypress, HEADING, header:ignore, 0, 0, 0
597, minecraft:village_desert, HEADING, header:ignore, 0, 0, 0
598, towns_and_towers:village_flower_forest, HEADING, header:ignore, 0, 0, 0
599, towns_and_towers:village_forest, HEADING, header:ignore, 0, 0, 0
600, towns_and_towers:village_grove, HEADING, header:ignore, 0, 0, 0
601, towns_and_towers:village_jungle, HEADING, header:ignore, 0, 0, 0
602, towns_and_towers:village_meadow, HEADING, header:ignore, 0, 0, 0
603, towns_and_towers:village_mushroom_fields, HEADING, header:ignore, 0, 0, 0
604, towns_and_towers:village_ocean, HEADING, header:ignore, 0, 0, 0
605, towns_and_towers:village_old_growth_taiga, HEADING, header:ignore, 0, 0, 0
606, minecraft:village_plains, HEADING, header:ignore, 0, 0, 0
607, minecraft:village_savanna, HEADING, header:ignore, 0, 0, 0
608, towns_and_towers:village_savanna_plateau, HEADING, header:ignore, 0, 0, 0
609, minecraft:village_snowy, HEADING, header:ignore, 0, 0, 0
610, towns_and_towers:village_snowy_slopes, HEADING, header:ignore, 0, 0, 0
611, towns_and_towers:village_snowy_taiga, HEADING, header:ignore, 0, 0, 0
612, towns_and_towers:village_sparse_jungle, HEADING, header:ignore, 0, 0, 0
613, towns_and_towers:village_sunflower_plains, HEADING, header:ignore, 0, 0, 0
614, towns_and_towers:village_swamp, HEADING, header:ignore, 0, 0, 0
615, minecraft:village_taiga, HEADING, header:ignore, 0, 0, 0
616, natures_spirit:village_wisteria, HEADING, header:ignore, 0, 0, 0
617, towns_and_towers:village_wooded_badlands, HEADING, header:ignore, 0, 0, 0
618, wythers:village_wooded_badlands, HEADING, header:ignore, 0, 0, 0
619, mvs:villager_statue, HEADING, header:ignore, 0, 0, 0
620, valarian_conquest:visgothiancastle, HEADING, header:ignore, 0, 0, 0
621, valarian_conquest:visgothianoutpost, HEADING, header:ignore, 0, 0, 0
622, mvs:warped_house, HEADING, header:ignore, 0, 0, 0
623, idas:washing_camp, HEADING, header:ignore, 0, 0, 0
624, supplementaries:way_sign, HEADING, header:ignore, 0, 0, 0
625, mvs:well, HEADING, header:ignore, 0, 0, 0
626, mvs:wheat_grain_bin, HEADING, header:ignore, 0, 0, 0
627, mvs:windmill, HEADING, header:ignore, 0, 0, 0
628, idas:windswept_shrine, HEADING, header:ignore, 0, 0, 0
629, idas:winter_wagon, HEADING, header:ignore, 0, 0, 0
630, dungeons_arise:wishing_well, HEADING, header:ignore, 0, 0, 0
631, dungeons_and_combat:witch_hermit_house, HEADING, header:ignore, 0, 0, 0
632, idas:witches_treestump, HEADING, header:ignore, 0, 0, 0
633, idas:witches_treestump, MONSTER, minecraft:witch, 10, 1, 1
634, idas:witches_treestump, CREATURE, minecraft:cat, 10, 1, 1
635, idas:wizard_tower, HEADING, header:ignore, 0, 0, 0
636, mvs:wooden_wheat_farm, HEADING, header:ignore, 0, 0, 0
637, towns_and_towers:wreckage_ocean, HEADING, header:ignore, 0, 0, 0
638, mowziesmobs:wrought_chamber, HEADING, header:ignore, 0, 0, 0
639, block_factorys_bosses:yeti_hideout, HEADING, header:ignore, 0, 0, 0
640, betterdungeons:zombie_dungeon, HEADING, header:ignore, 0, 0, 0
641, betterdungeons:zombie_dungeon, MONSTER, minecraft:zombie, 80, 4, 15
